<?xml version="1.0" encoding="UTF-8"?>
<!-- Generated by org.testng.reporters.JUnitXMLReporter -->
<testsuite ignored="0" hostname="ALPESH-3255" failures="0" tests="2" name="Test1" time="6.502" errors="0" timestamp="2022-09-03T16:39:46 IST">
  <testcase classname="Module1_loginTest.KiteTestClass_TestNG" name="@BeforeClass BrowserOpen" time="6.37">
    <failure type="org.openqa.selenium.SessionNotCreatedException" message="Could not start a new session. Response code 500. Message: session not created: This version of ChromeDriver only supports Chrome version 103
Current browser version is 105.0.5195.102 with binary path C:\Program Files\Google\Chrome\Application\chrome.exe
Build info: version: &amp;apos;4.2.2&amp;apos;, revision: &amp;apos;683ccb65d6&amp;apos;
System info: host: &amp;apos;ALPESH-3255&amp;apos;, ip: &amp;apos;192.168.167.107&amp;apos;, os.name: &amp;apos;Windows 11&amp;apos;, os.arch: &amp;apos;amd64&amp;apos;, os.version: &amp;apos;10.0&amp;apos;, java.version: &amp;apos;11.0.15&amp;apos;
Driver info: org.openqa.selenium.chrome.ChromeDriver
Command: [null, newSession {capabilities=[Capabilities {browserName: chrome, goog:chromeOptions: {args: [--disable-notifications], extensions: []}}], desiredCapabilities=Capabilities {browserName: chrome, goog:chromeOptions: {args: [--disable-notifications], extensions: []}}}]">
      <![CDATA[org.openqa.selenium.SessionNotCreatedException: Could not start a new session. Response code 500. Message: session not created: This version of ChromeDriver only supports Chrome version 103
Current browser version is 105.0.5195.102 with binary path C:\Program Files\Google\Chrome\Application\chrome.exe
Build info: version: '4.2.2', revision: '683ccb65d6'
System info: host: 'ALPESH-3255', ip: '192.168.167.107', os.name: 'Windows 11', os.arch: 'amd64', os.version: '10.0', java.version: '11.0.15'
Driver info: org.openqa.selenium.chrome.ChromeDriver
Command: [null, newSession {capabilities=[Capabilities {browserName: chrome, goog:chromeOptions: {args: [--disable-notifications], extensions: []}}], desiredCapabilities=Capabilities {browserName: chrome, goog:chromeOptions: {args: [--disable-notifications], extensions: []}}}]
at org.openqa.selenium.remote.ProtocolHandshake.createSession(ProtocolHandshake.java:144)
at org.openqa.selenium.remote.ProtocolHandshake.createSession(ProtocolHandshake.java:102)
at org.openqa.selenium.remote.ProtocolHandshake.createSession(ProtocolHandshake.java:67)
at org.openqa.selenium.remote.HttpCommandExecutor.execute(HttpCommandExecutor.java:156)
at org.openqa.selenium.remote.service.DriverCommandExecutor.invokeExecute(DriverCommandExecutor.java:167)
at org.openqa.selenium.remote.service.DriverCommandExecutor.execute(DriverCommandExecutor.java:142)
at org.openqa.selenium.remote.RemoteWebDriver.execute(RemoteWebDriver.java:588)
at org.openqa.selenium.remote.RemoteWebDriver.startSession(RemoteWebDriver.java:283)
at org.openqa.selenium.remote.RemoteWebDriver.<init>(RemoteWebDriver.java:184)
at org.openqa.selenium.chromium.ChromiumDriver.<init>(ChromiumDriver.java:106)
at org.openqa.selenium.chrome.ChromeDriver.<init>(ChromeDriver.java:106)
at org.openqa.selenium.chrome.ChromeDriver.<init>(ChromeDriver.java:93)
at org.openqa.selenium.chrome.ChromeDriver.<init>(ChromeDriver.java:82)
at Library_Files.BaseClass.OpenBrowser(BaseClass.java:23)
at Module1_loginTest.KiteTestClass_TestNG.BrowserOpen(KiteTestClass_TestNG.java:39)
at java.base/java.util.ArrayList.forEach(ArrayList.java:1541)
at java.base/java.util.concurrent.FutureTask.run(FutureTask.java:264)
at java.base/java.util.concurrent.ThreadPoolExecutor.runWorker(ThreadPoolExecutor.java:1128)
at java.base/java.util.concurrent.ThreadPoolExecutor$Worker.run(ThreadPoolExecutor.java:628)
at java.base/java.lang.Thread.run(Thread.java:834)
... Removed 16 stack frames]]>
    </failure>
  </testcase> <!-- @BeforeClass BrowserOpen -->
  <testcase classname="Module1_loginTest.KiteTestClass_TestNG" name="@BeforeClass BrowserOpen" time="6.369">
    <failure type="org.openqa.selenium.SessionNotCreatedException" message="Could not start a new session. Response code 500. Message: session not created: This version of ChromeDriver only supports Chrome version 103
Current browser version is 105.0.5195.102 with binary path C:\Program Files\Google\Chrome\Application\chrome.exe
Build info: version: &amp;apos;4.2.2&amp;apos;, revision: &amp;apos;683ccb65d6&amp;apos;
System info: host: &amp;apos;ALPESH-3255&amp;apos;, ip: &amp;apos;192.168.167.107&amp;apos;, os.name: &amp;apos;Windows 11&amp;apos;, os.arch: &amp;apos;amd64&amp;apos;, os.version: &amp;apos;10.0&amp;apos;, java.version: &amp;apos;11.0.15&amp;apos;
Driver info: org.openqa.selenium.chrome.ChromeDriver
Command: [null, newSession {capabilities=[Capabilities {browserName: chrome, goog:chromeOptions: {args: [--disable-notifications], extensions: []}}], desiredCapabilities=Capabilities {browserName: chrome, goog:chromeOptions: {args: [--disable-notifications], extensions: []}}}]">
      <![CDATA[org.openqa.selenium.SessionNotCreatedException: Could not start a new session. Response code 500. Message: session not created: This version of ChromeDriver only supports Chrome version 103
Current browser version is 105.0.5195.102 with binary path C:\Program Files\Google\Chrome\Application\chrome.exe
Build info: version: '4.2.2', revision: '683ccb65d6'
System info: host: 'ALPESH-3255', ip: '192.168.167.107', os.name: 'Windows 11', os.arch: 'amd64', os.version: '10.0', java.version: '11.0.15'
Driver info: org.openqa.selenium.chrome.ChromeDriver
Command: [null, newSession {capabilities=[Capabilities {browserName: chrome, goog:chromeOptions: {args: [--disable-notifications], extensions: []}}], desiredCapabilities=Capabilities {browserName: chrome, goog:chromeOptions: {args: [--disable-notifications], extensions: []}}}]
at org.openqa.selenium.remote.ProtocolHandshake.createSession(ProtocolHandshake.java:144)
at org.openqa.selenium.remote.ProtocolHandshake.createSession(ProtocolHandshake.java:102)
at org.openqa.selenium.remote.ProtocolHandshake.createSession(ProtocolHandshake.java:67)
at org.openqa.selenium.remote.HttpCommandExecutor.execute(HttpCommandExecutor.java:156)
at org.openqa.selenium.remote.service.DriverCommandExecutor.invokeExecute(DriverCommandExecutor.java:167)
at org.openqa.selenium.remote.service.DriverCommandExecutor.execute(DriverCommandExecutor.java:142)
at org.openqa.selenium.remote.RemoteWebDriver.execute(RemoteWebDriver.java:588)
at org.openqa.selenium.remote.RemoteWebDriver.startSession(RemoteWebDriver.java:283)
at org.openqa.selenium.remote.RemoteWebDriver.<init>(RemoteWebDriver.java:184)
at org.openqa.selenium.chromium.ChromiumDriver.<init>(ChromiumDriver.java:106)
at org.openqa.selenium.chrome.ChromeDriver.<init>(ChromeDriver.java:106)
at org.openqa.selenium.chrome.ChromeDriver.<init>(ChromeDriver.java:93)
at org.openqa.selenium.chrome.ChromeDriver.<init>(ChromeDriver.java:82)
at Library_Files.BaseClass.OpenBrowser(BaseClass.java:23)
at Module1_loginTest.KiteTestClass_TestNG.BrowserOpen(KiteTestClass_TestNG.java:39)
at java.base/java.util.ArrayList.forEach(ArrayList.java:1541)
at java.base/java.util.concurrent.FutureTask.run(FutureTask.java:264)
at java.base/java.util.concurrent.ThreadPoolExecutor.runWorker(ThreadPoolExecutor.java:1128)
at java.base/java.util.concurrent.ThreadPoolExecutor$Worker.run(ThreadPoolExecutor.java:628)
at java.base/java.lang.Thread.run(Thread.java:834)
... Removed 16 stack frames]]>
    </failure>
  </testcase> <!-- @BeforeClass BrowserOpen -->
  <testcase classname="Module1_loginTest.KiteTestClass_TestNG" name="@BeforeMethod KiteLogin" time="-1.662203386743E9">
    <skipped/>
  </testcase> <!-- @BeforeMethod KiteLogin -->
  <testcase classname="Module1_loginTest.KiteTestClass_TestNG" name="@BeforeMethod KiteLogin" time="-1.662203386743E9">
    <skipped/>
  </testcase> <!-- @BeforeMethod KiteLogin -->
  <testcase classname="Module1_loginTest.KiteTestClass_TestNG" name="@AfterMethod KiteLogout" time="-1.662203386751E9">
    <skipped/>
  </testcase> <!-- @AfterMethod KiteLogout -->
  <testcase classname="Module1_loginTest.KiteTestClass_TestNG" name="@AfterMethod KiteLogout" time="-1.662203386754E9">
    <skipped/>
  </testcase> <!-- @AfterMethod KiteLogout -->
  <testcase classname="Module1_loginTest.KiteTestClass_TestNG" name="@BeforeMethod KiteLogin" time="-1.662203386758E9">
    <skipped/>
  </testcase> <!-- @BeforeMethod KiteLogin -->
  <testcase classname="Module1_loginTest.KiteTestClass_TestNG" name="@BeforeMethod KiteLogin" time="-1.662203386759E9">
    <skipped/>
  </testcase> <!-- @BeforeMethod KiteLogin -->
  <testcase classname="Module1_loginTest.KiteTestClass_TestNG" name="@AfterMethod KiteLogout" time="-1.662203386762E9">
    <skipped/>
  </testcase> <!-- @AfterMethod KiteLogout -->
  <testcase classname="Module1_loginTest.KiteTestClass_TestNG" name="@AfterClass BrowserClose" time="-1.662203386766E9">
    <skipped/>
  </testcase> <!-- @AfterClass BrowserClose -->
  <testcase classname="Module1_loginTest.KiteTestClass_TestNG" name="@AfterMethod KiteLogout" time="-1.662203386767E9">
    <skipped/>
  </testcase> <!-- @AfterMethod KiteLogout -->
  <testcase classname="Module1_loginTest.KiteTestClass_TestNG" name="@AfterClass BrowserClose" time="-1.66220338677E9">
    <skipped/>
  </testcase> <!-- @AfterClass BrowserClose -->
  <testcase classname="Module1_loginTest.KiteTestClass_TestNG" name="VerifyUserID" time="0.0">
    <skipped/>
  </testcase> <!-- VerifyUserID -->
  <testcase classname="Module1_loginTest.KiteTestClass_TestNG" name="VerifyUserID1" time="0.0">
    <skipped/>
  </testcase> <!-- VerifyUserID1 -->
</testsuite> <!-- Test1 -->
